Build started 13.07.2016 г. 01:05:44.
     1>Project "D:\SoftUni\00.Open Courses\C++\06.MemoryManagementAndOptimization\MemoryManagementOptimizationHW\Brexit\Brexit.vcxproj" on node 2 (Build target(s)).
     1>ClCompile:
         C:\Program Files (x86)\Microsoft Visual Studio 12.0\VC\bin\CL.exe /c /ZI /nologo /W3 /WX- /Od /Oy- /D WIN32 /D _DEBUG /D _CONSOLE /D _LIB /D _UNICODE /D UNICODE /Gm /EHsc /RTC1 /MDd /GS /fp:precise /Zc:wchar_t /Zc:forScope /Fo"Debug\\" /Fd"Debug\vc120.pdb" /Gd /TP /analyze- /errorReport:prompt Main.cpp
         Main.cpp
     1>d:\softuni\00.open courses\c++\06.memorymanagementandoptimization\memorymanagementoptimizationhw\brexit\main.cpp(357): warning C4244: 'initializing' : conversion from 'double' to 'float', possible loss of data
     1>d:\softuni\00.open courses\c++\06.memorymanagementandoptimization\memorymanagementoptimizationhw\brexit\main.cpp(358): warning C4244: 'initializing' : conversion from 'double' to 'float', possible loss of data
     1>d:\softuni\00.open courses\c++\06.memorymanagementandoptimization\memorymanagementoptimizationhw\brexit\main.cpp(704): warning C4018: '<' : signed/unsigned mismatch
     1>c:\program files (x86)\microsoft visual studio 12.0\vc\include\tuple(80): warning C4244: 'initializing' : conversion from 'int' to 'float', possible loss of data
                 c:\program files (x86)\microsoft visual studio 12.0\vc\include\tuple(258) : see reference to function template instantiation 'std::_Tuple_val<_This>::_Tuple_val<_Ty>(_Other &&)' being compiled
                 with
                 [
                     _This=float
         ,            _Ty=int
         ,            _Other=int
                 ]
                 c:\program files (x86)\microsoft visual studio 12.0\vc\include\tuple(258) : see reference to function template instantiation 'std::_Tuple_val<_This>::_Tuple_val<_Ty>(_Other &&)' being compiled
                 with
                 [
                     _This=float
         ,            _Ty=int
         ,            _Other=int
                 ]
                 d:\softuni\00.open courses\c++\06.memorymanagementandoptimization\memorymanagementoptimizationhw\brexit\main.cpp(354) : see reference to function template instantiation 'std::tuple<float,float>::tuple<int,int,std::_Tuple_enable<std::tuple<>,std::tuple<>>::type>(std::tuple<int,int> &&)' being compiled
                 d:\softuni\00.open courses\c++\06.memorymanagementandoptimization\memorymanagementoptimizationhw\brexit\main.cpp(354) : see reference to function template instantiation 'std::tuple<float,float>::tuple<int,int,std::_Tuple_enable<std::tuple<>,std::tuple<>>::type>(std::tuple<int,int> &&)' being compiled
       Link:
         C:\Program Files (x86)\Microsoft Visual Studio 12.0\VC\bin\link.exe /ERRORREPORT:PROMPT /OUT:"D:\SoftUni\00.Open Courses\C++\06.MemoryManagementAndOptimization\MemoryManagementOptimizationHW\Debug\Brexit.exe" /INCREMENTAL /NOLOGO kernel32.lib user32.lib gdi32.lib winspool.lib comdlg32.lib advapi32.lib shell32.lib ole32.lib oleaut32.lib uuid.lib odbc32.lib odbccp32.lib /MANIFEST /MANIFESTUAC:"level='asInvoker' uiAccess='false'" /manifest:embed /DEBUG /PDB:"D:\SoftUni\00.Open Courses\C++\06.MemoryManagementAndOptimization\MemoryManagementOptimizationHW\Debug\Brexit.pdb" /SUBSYSTEM:CONSOLE /TLBID:1 /DYNAMICBASE /NXCOMPAT /IMPLIB:"D:\SoftUni\00.Open Courses\C++\06.MemoryManagementAndOptimization\MemoryManagementOptimizationHW\Debug\Brexit.lib" /MACHINE:X86 Debug\Main.obj
         Debug\User.obj
         Debug\VoteCollector.obj
         Debug\Voter.obj
         Brexit.vcxproj -> D:\SoftUni\00.Open Courses\C++\06.MemoryManagementAndOptimization\MemoryManagementOptimizationHW\Debug\Brexit.exe
     1>Done Building Project "D:\SoftUni\00.Open Courses\C++\06.MemoryManagementAndOptimization\MemoryManagementOptimizationHW\Brexit\Brexit.vcxproj" (Build target(s)).

Build succeeded.

Time Elapsed 00:00:02.59
